13:29:59 INFO: #########
13:29:59 INFO: 	 Status: Optimal
13:29:59 INFO: F_(0,_1) 0.0
13:29:59 INFO: F_(0,_3) 0.0
13:29:59 INFO: F_(0,_4) 0.0
13:29:59 INFO: F_(1,_0) 0.0
13:29:59 INFO: F_(1,_2) 0.0
13:29:59 INFO: F_(1,_3) 0.0
13:29:59 INFO: F_(1,_4) 0.0
13:29:59 INFO: F_(1,_7) 0.0
13:29:59 INFO: F_(2,_1) 0.0
13:29:59 INFO: F_(2,_3) 0.0
13:29:59 INFO: F_(2,_4) 0.0
13:29:59 INFO: F_(2,_5) 0.0
13:29:59 INFO: F_(2,_6) 0.0
13:29:59 INFO: F_(2,_8) 0.0
13:29:59 INFO: F_(3,_0) 0.0
13:29:59 INFO: F_(3,_1) 0.0
13:29:59 INFO: F_(3,_2) 0.0
13:29:59 INFO: F_(3,_4) 0.0
13:29:59 INFO: F_(3,_5) 0.0
13:29:59 INFO: F_(3,_8) 0.0
13:29:59 INFO: F_(4,_0) 1.0
13:29:59 INFO: F_(4,_1) 0.0
13:29:59 INFO: F_(4,_2) 0.0
13:29:59 INFO: F_(4,_3) 0.0
13:29:59 INFO: F_(4,_6) 1.0
13:29:59 INFO: F_(4,_8) 1.0
13:29:59 INFO: F_(5,_2) 0.0
13:29:59 INFO: F_(5,_3) 0.0
13:29:59 INFO: F_(5,_6) 0.0
13:29:59 INFO: F_(6,_2) 0.0
13:29:59 INFO: F_(6,_4) 0.0
13:29:59 INFO: F_(6,_5) 0.0
13:29:59 INFO: F_(7,_1) 0.0
13:29:59 INFO: F_(7,_8) 0.0
13:29:59 INFO: F_(8,_2) 0.0
13:29:59 INFO: F_(8,_3) 0.0
13:29:59 INFO: F_(8,_4) 0.0
13:29:59 INFO: F_(8,_7) 0.0
13:29:59 INFO: X_(0,_1) 0.0
13:29:59 INFO: X_(0,_3) 0.0
13:29:59 INFO: X_(0,_4) 0.0
13:29:59 INFO: X_(1,_0) 0.0
13:29:59 INFO: X_(1,_2) 0.0
13:29:59 INFO: X_(1,_3) 0.0
13:29:59 INFO: X_(1,_4) 0.0
13:29:59 INFO: X_(1,_7) 0.0
13:29:59 INFO: X_(2,_1) 0.0
13:29:59 INFO: X_(2,_3) 0.0
13:29:59 INFO: X_(2,_4) 0.0
13:29:59 INFO: X_(2,_5) 0.0
13:29:59 INFO: X_(2,_6) 0.0
13:29:59 INFO: X_(2,_8) 0.0
13:29:59 INFO: X_(3,_0) 0.0
13:29:59 INFO: X_(3,_1) 0.0
13:29:59 INFO: X_(3,_2) 0.0
13:29:59 INFO: X_(3,_4) 0.0
13:29:59 INFO: X_(3,_5) 0.0
13:29:59 INFO: X_(3,_8) 0.0
13:29:59 INFO: X_(4,_0) 1.0
13:29:59 INFO: X_(4,_1) 0.0
13:29:59 INFO: X_(4,_2) 0.0
13:29:59 INFO: X_(4,_3) 0.0
13:29:59 INFO: X_(4,_6) 1.0
13:29:59 INFO: X_(4,_8) 1.0
13:29:59 INFO: X_(5,_2) 0.0
13:29:59 INFO: X_(5,_3) 0.0
13:29:59 INFO: X_(5,_6) 0.0
13:29:59 INFO: X_(6,_2) 0.0
13:29:59 INFO: X_(6,_4) 0.0
13:29:59 INFO: X_(6,_5) 0.0
13:29:59 INFO: X_(7,_1) 0.0
13:29:59 INFO: X_(7,_8) 0.0
13:29:59 INFO: X_(8,_2) 0.0
13:29:59 INFO: X_(8,_3) 0.0
13:29:59 INFO: X_(8,_4) 0.0
13:29:59 INFO: X_(8,_7) 0.0
13:29:59 INFO: 
	of: 11.0
	sol:
['(4,_0)', '(4,_6)', '(4,_8)'] 
	time:0.3241770267486572
13:29:59 INFO: #########
13:32:14 INFO: #########
13:32:14 INFO: 	 Status: Optimal
13:32:14 INFO: F_(0,_3) 0.0
13:32:14 INFO: F_(0,_5) 0.0
13:32:14 INFO: F_(0,_6) 0.0
13:32:14 INFO: F_(1,_3) 0.0
13:32:14 INFO: F_(1,_6) 0.0
13:32:14 INFO: F_(1,_7) 0.0
13:32:14 INFO: F_(2,_6) 0.0
13:32:14 INFO: F_(2,_8) 0.0
13:32:14 INFO: F_(3,_0) 0.0
13:32:14 INFO: F_(3,_1) 0.0
13:32:14 INFO: F_(3,_6) 0.0
13:32:14 INFO: F_(3,_7) 0.0
13:32:14 INFO: F_(4,_6) 0.0
13:32:14 INFO: F_(4,_7) 0.0
13:32:14 INFO: F_(5,_0) 0.0
13:32:14 INFO: F_(5,_6) 1.0
13:32:14 INFO: F_(5,_7) 1.0
13:32:14 INFO: F_(5,_8) 1.0
13:32:14 INFO: F_(6,_0) 0.0
13:32:14 INFO: F_(6,_1) 0.0
13:32:14 INFO: F_(6,_2) 0.0
13:32:14 INFO: F_(6,_3) 0.0
13:32:14 INFO: F_(6,_4) 1.0
13:32:14 INFO: F_(6,_5) 0.0
13:32:14 INFO: F_(6,_8) 0.0
13:32:14 INFO: F_(7,_1) 0.0
13:32:14 INFO: F_(7,_3) 0.0
13:32:14 INFO: F_(7,_4) 0.0
13:32:14 INFO: F_(7,_5) 0.0
13:32:14 INFO: F_(7,_8) 0.0
13:32:14 INFO: F_(8,_2) 0.0
13:32:14 INFO: F_(8,_5) 0.0
13:32:14 INFO: F_(8,_6) 0.0
13:32:14 INFO: F_(8,_7) 0.0
13:32:14 INFO: X_(0,_3) 0.0
13:32:14 INFO: X_(0,_5) 0.0
13:32:14 INFO: X_(0,_6) 0.0
13:32:14 INFO: X_(1,_3) 0.0
13:32:14 INFO: X_(1,_6) 0.0
13:32:14 INFO: X_(1,_7) 0.0
13:32:14 INFO: X_(2,_6) 0.0
13:32:14 INFO: X_(2,_8) 0.0
13:32:14 INFO: X_(3,_0) 0.0
13:32:14 INFO: X_(3,_1) 0.0
13:32:14 INFO: X_(3,_6) 0.0
13:32:14 INFO: X_(3,_7) 0.0
13:32:14 INFO: X_(4,_6) 0.0
13:32:14 INFO: X_(4,_7) 0.0
13:32:14 INFO: X_(5,_0) 0.0
13:32:14 INFO: X_(5,_6) 1.0
13:32:14 INFO: X_(5,_7) 1.0
13:32:14 INFO: X_(5,_8) 1.0
13:32:14 INFO: X_(6,_0) 0.0
13:32:14 INFO: X_(6,_1) 0.0
13:32:14 INFO: X_(6,_2) 0.0
13:32:14 INFO: X_(6,_3) 0.0
13:32:14 INFO: X_(6,_4) 1.0
13:32:14 INFO: X_(6,_5) 0.0
13:32:14 INFO: X_(6,_8) 0.0
13:32:14 INFO: X_(7,_1) 0.0
13:32:14 INFO: X_(7,_3) 0.0
13:32:14 INFO: X_(7,_4) 0.0
13:32:14 INFO: X_(7,_5) 0.0
13:32:14 INFO: X_(7,_8) 0.0
13:32:14 INFO: X_(8,_2) 0.0
13:32:14 INFO: X_(8,_5) 0.0
13:32:14 INFO: X_(8,_6) 0.0
13:32:14 INFO: X_(8,_7) 0.0
13:32:14 INFO: 
	of: 11.0
	sol:
['(5,_6)', '(5,_7)', '(5,_8)', '(6,_4)'] 
	time:0.06479692459106445
13:32:14 INFO: #########
13:32:29 INFO: #########
13:32:29 INFO: 	 Status: Optimal
13:32:29 INFO: F_(0,_3) 1.0
13:32:29 INFO: F_(0,_4) 1.0
13:32:29 INFO: F_(0,_6) 0.0
13:32:29 INFO: F_(0,_7) 0.0
13:32:29 INFO: F_(0,_8) 1.0
13:32:29 INFO: F_(1,_4) 0.0
13:32:29 INFO: F_(1,_5) 0.0
13:32:29 INFO: F_(2,_3) 0.0
13:32:29 INFO: F_(2,_4) 0.0
13:32:29 INFO: F_(2,_5) 0.0
13:32:29 INFO: F_(2,_6) 0.0
13:32:29 INFO: F_(2,_8) 0.0
13:32:29 INFO: F_(3,_0) 0.0
13:32:29 INFO: F_(3,_2) 0.0
13:32:29 INFO: F_(4,_0) 0.0
13:32:29 INFO: F_(4,_1) 0.0
13:32:29 INFO: F_(4,_2) 0.0
13:32:29 INFO: F_(4,_7) 0.0
13:32:29 INFO: F_(4,_8) 0.0
13:32:29 INFO: F_(5,_1) 0.0
13:32:29 INFO: F_(5,_2) 0.0
13:32:29 INFO: F_(5,_6) 0.0
13:32:29 INFO: F_(5,_7) 0.0
13:32:29 INFO: F_(5,_8) 0.0
13:32:29 INFO: F_(6,_0) 0.0
13:32:29 INFO: F_(6,_2) 0.0
13:32:29 INFO: F_(6,_5) 0.0
13:32:29 INFO: F_(7,_0) 0.0
13:32:29 INFO: F_(7,_4) 0.0
13:32:29 INFO: F_(7,_5) 0.0
13:32:29 INFO: F_(8,_0) 0.0
13:32:29 INFO: F_(8,_2) 0.0
13:32:29 INFO: F_(8,_4) 0.0
13:32:29 INFO: F_(8,_5) 0.0
13:32:29 INFO: X_(0,_3) 1.0
13:32:29 INFO: X_(0,_4) 1.0
13:32:29 INFO: X_(0,_6) 0.0
13:32:29 INFO: X_(0,_7) 0.0
13:32:29 INFO: X_(0,_8) 1.0
13:32:29 INFO: X_(1,_4) 0.0
13:32:29 INFO: X_(1,_5) 0.0
13:32:29 INFO: X_(2,_3) 0.0
13:32:29 INFO: X_(2,_4) 0.0
13:32:29 INFO: X_(2,_5) 0.0
13:32:29 INFO: X_(2,_6) 0.0
13:32:29 INFO: X_(2,_8) 0.0
13:32:29 INFO: X_(3,_0) 0.0
13:32:29 INFO: X_(3,_2) 0.0
13:32:29 INFO: X_(4,_0) 0.0
13:32:29 INFO: X_(4,_1) 0.0
13:32:29 INFO: X_(4,_2) 0.0
13:32:29 INFO: X_(4,_7) 0.0
13:32:29 INFO: X_(4,_8) 0.0
13:32:29 INFO: X_(5,_1) 0.0
13:32:29 INFO: X_(5,_2) 0.0
13:32:29 INFO: X_(5,_6) 0.0
13:32:29 INFO: X_(5,_7) 0.0
13:32:29 INFO: X_(5,_8) 0.0
13:32:29 INFO: X_(6,_0) 0.0
13:32:29 INFO: X_(6,_2) 0.0
13:32:29 INFO: X_(6,_5) 0.0
13:32:29 INFO: X_(7,_0) 0.0
13:32:29 INFO: X_(7,_4) 0.0
13:32:29 INFO: X_(7,_5) 0.0
13:32:29 INFO: X_(8,_0) 0.0
13:32:29 INFO: X_(8,_2) 0.0
13:32:29 INFO: X_(8,_4) 0.0
13:32:29 INFO: X_(8,_5) 0.0
13:32:29 INFO: 
	of: 9.0
	sol:
['(0,_3)', '(0,_4)', '(0,_8)'] 
	time:0.05186057090759277
13:32:29 INFO: #########
13:32:32 INFO: #########
13:32:32 INFO: 	 Status: Infeasible
13:32:32 INFO: F_(0,_6) 2.0
13:32:32 INFO: F_(0,_7) 1.0
13:32:32 INFO: F_(1,_3) 0.0
13:32:32 INFO: F_(1,_4) 0.0
13:32:32 INFO: F_(1,_7) 0.0
13:32:32 INFO: F_(2,_5) 0.0
13:32:32 INFO: F_(2,_6) 0.0
13:32:32 INFO: F_(3,_1) 0.0
13:32:32 INFO: F_(3,_4) 0.0
13:32:32 INFO: F_(3,_7) 0.0
13:32:32 INFO: F_(3,_8) 0.0
13:32:32 INFO: F_(4,_1) 0.0
13:32:32 INFO: F_(4,_3) 0.0
13:32:32 INFO: F_(4,_6) 0.0
13:32:32 INFO: F_(5,_2) 0.0
13:32:32 INFO: F_(5,_6) 0.0
13:32:32 INFO: F_(5,_8) 0.0
13:32:32 INFO: F_(6,_0) 0.0
13:32:32 INFO: F_(6,_2) 0.0
13:32:32 INFO: F_(6,_4) 0.0
13:32:32 INFO: F_(6,_5) 0.0
13:32:32 INFO: F_(6,_8) 0.0
13:32:32 INFO: F_(7,_0) 0.0
13:32:32 INFO: F_(7,_1) 1.0
13:32:32 INFO: F_(7,_3) 0.0
13:32:32 INFO: F_(7,_8) 0.0
13:32:32 INFO: F_(8,_3) 0.0
13:32:32 INFO: F_(8,_5) 0.0
13:32:32 INFO: F_(8,_6) 0.0
13:32:32 INFO: F_(8,_7) 0.0
13:32:32 INFO: X_(0,_6) 0.66666667
13:32:32 INFO: X_(0,_7) 0.33333333
13:32:32 INFO: X_(1,_3) 0.0
13:32:32 INFO: X_(1,_4) 0.0
13:32:32 INFO: X_(1,_7) 0.0
13:32:32 INFO: X_(2,_5) 0.0
13:32:32 INFO: X_(2,_6) 0.0
13:32:32 INFO: X_(3,_1) 0.0
13:32:32 INFO: X_(3,_4) 0.0
13:32:32 INFO: X_(3,_7) 0.0
13:32:32 INFO: X_(3,_8) 0.0
13:32:32 INFO: X_(4,_1) 0.0
13:32:32 INFO: X_(4,_3) 0.0
13:32:32 INFO: X_(4,_6) 0.0
13:32:32 INFO: X_(5,_2) 0.0
13:32:32 INFO: X_(5,_6) 0.0
13:32:32 INFO: X_(5,_8) 0.0
13:32:32 INFO: X_(6,_0) 0.0
13:32:32 INFO: X_(6,_2) 0.0
13:32:32 INFO: X_(6,_4) 0.0
13:32:32 INFO: X_(6,_5) 0.0
13:32:32 INFO: X_(6,_8) 0.0
13:32:32 INFO: X_(7,_0) 0.0
13:32:32 INFO: X_(7,_1) 0.33333333
13:32:32 INFO: X_(7,_3) 0.0
13:32:32 INFO: X_(7,_8) 0.0
13:32:32 INFO: X_(8,_3) 0.0
13:32:32 INFO: X_(8,_5) 0.0
13:32:32 INFO: X_(8,_6) 0.0
13:32:32 INFO: X_(8,_7) 0.0
13:32:32 INFO: 
	of: 5.66666666
	sol:
['(0,_6)', '(0,_7)', '(7,_1)'] 
	time:0.04787135124206543
13:32:32 INFO: #########
13:32:33 INFO: #########
13:32:33 INFO: 	 Status: Optimal
13:32:33 INFO: F_(0,_1) 0.0
13:32:33 INFO: F_(0,_2) 0.0
13:32:33 INFO: F_(0,_4) 0.0
13:32:33 INFO: F_(0,_5) 0.0
13:32:33 INFO: F_(0,_6) 0.0
13:32:33 INFO: F_(1,_0) 0.0
13:32:33 INFO: F_(1,_5) 0.0
13:32:33 INFO: F_(1,_7) 0.0
13:32:33 INFO: F_(2,_0) 0.0
13:32:33 INFO: F_(2,_4) 0.0
13:32:33 INFO: F_(2,_5) 0.0
13:32:33 INFO: F_(2,_6) 0.0
13:32:33 INFO: F_(3,_5) 0.0
13:32:33 INFO: F_(3,_6) 0.0
13:32:33 INFO: F_(3,_7) 0.0
13:32:33 INFO: F_(3,_8) 0.0
13:32:33 INFO: F_(4,_0) 0.0
13:32:33 INFO: F_(4,_2) 0.0
13:32:33 INFO: F_(4,_5) 0.0
13:32:33 INFO: F_(4,_6) 0.0
13:32:33 INFO: F_(5,_0) 0.0
13:32:33 INFO: F_(5,_1) 0.0
13:32:33 INFO: F_(5,_2) 0.0
13:32:33 INFO: F_(5,_3) 0.0
13:32:33 INFO: F_(5,_4) 0.0
13:32:33 INFO: F_(5,_6) 0.0
13:32:33 INFO: F_(6,_0) 1.0
13:32:33 INFO: F_(6,_2) 1.0
13:32:33 INFO: F_(6,_3) 0.0
13:32:33 INFO: F_(6,_4) 0.0
13:32:33 INFO: F_(6,_5) 0.0
13:32:33 INFO: F_(6,_8) 1.0
13:32:33 INFO: F_(7,_1) 0.0
13:32:33 INFO: F_(7,_3) 0.0
13:32:33 INFO: F_(8,_3) 0.0
13:32:33 INFO: F_(8,_6) 0.0
13:32:33 INFO: X_(0,_1) 0.0
13:32:33 INFO: X_(0,_2) 0.0
13:32:33 INFO: X_(0,_4) 0.0
13:32:33 INFO: X_(0,_5) 0.0
13:32:33 INFO: X_(0,_6) 0.0
13:32:33 INFO: X_(1,_0) 0.0
13:32:33 INFO: X_(1,_5) 0.0
13:32:33 INFO: X_(1,_7) 0.0
13:32:33 INFO: X_(2,_0) 0.0
13:32:33 INFO: X_(2,_4) 0.0
13:32:33 INFO: X_(2,_5) 0.0
13:32:33 INFO: X_(2,_6) 0.0
13:32:33 INFO: X_(3,_5) 0.0
13:32:33 INFO: X_(3,_6) 0.0
13:32:33 INFO: X_(3,_7) 0.0
13:32:33 INFO: X_(3,_8) 0.0
13:32:33 INFO: X_(4,_0) 0.0
13:32:33 INFO: X_(4,_2) 0.0
13:32:33 INFO: X_(4,_5) 0.0
13:32:33 INFO: X_(4,_6) 0.0
13:32:33 INFO: X_(5,_0) 0.0
13:32:33 INFO: X_(5,_1) 0.0
13:32:33 INFO: X_(5,_2) 0.0
13:32:33 INFO: X_(5,_3) 0.0
13:32:33 INFO: X_(5,_4) 0.0
13:32:33 INFO: X_(5,_6) 0.0
13:32:33 INFO: X_(6,_0) 1.0
13:32:33 INFO: X_(6,_2) 1.0
13:32:33 INFO: X_(6,_3) 0.0
13:32:33 INFO: X_(6,_4) 0.0
13:32:33 INFO: X_(6,_5) 0.0
13:32:33 INFO: X_(6,_8) 1.0
13:32:33 INFO: X_(7,_1) 0.0
13:32:33 INFO: X_(7,_3) 0.0
13:32:33 INFO: X_(8,_3) 0.0
13:32:33 INFO: X_(8,_6) 0.0
13:32:33 INFO: 
	of: 8.0
	sol:
['(6,_0)', '(6,_2)', '(6,_8)'] 
	time:0.07380151748657227
13:32:33 INFO: #########
13:32:35 INFO: #########
13:32:35 INFO: 	 Status: Infeasible
13:32:35 INFO: F_(0,_1) 0.0
13:32:35 INFO: F_(0,_8) 0.0
13:32:35 INFO: F_(1,_0) 1.0
13:32:35 INFO: F_(1,_4) 0.0
13:32:35 INFO: F_(1,_8) 0.0
13:32:35 INFO: F_(2,_5) 0.0
13:32:35 INFO: F_(2,_7) 0.0
13:32:35 INFO: F_(2,_8) 1.0
13:32:35 INFO: F_(3,_6) 0.0
13:32:35 INFO: F_(3,_8) 0.0
13:32:35 INFO: F_(4,_1) 2.0
13:32:35 INFO: F_(4,_7) 0.0
13:32:35 INFO: F_(5,_2) 1.0
13:32:35 INFO: F_(5,_6) 0.0
13:32:35 INFO: F_(6,_3) 0.0
13:32:35 INFO: F_(6,_5) 1.0
13:32:35 INFO: F_(6,_7) 2.0
13:32:35 INFO: F_(7,_2) 0.0
13:32:35 INFO: F_(7,_4) 2.0
13:32:35 INFO: F_(7,_6) 0.0
13:32:35 INFO: F_(7,_8) 0.0
13:32:35 INFO: F_(8,_0) 0.0
13:32:35 INFO: F_(8,_1) 0.0
13:32:35 INFO: F_(8,_2) 0.0
13:32:35 INFO: F_(8,_3) 0.0
13:32:35 INFO: F_(8,_7) 0.0
13:32:35 INFO: X_(0,_1) 0.0
13:32:35 INFO: X_(0,_8) 0.0
13:32:35 INFO: X_(1,_0) 0.33333333
13:32:35 INFO: X_(1,_4) 0.0
13:32:35 INFO: X_(1,_8) 0.0
13:32:35 INFO: X_(2,_5) 0.0
13:32:35 INFO: X_(2,_7) 0.0
13:32:35 INFO: X_(2,_8) 0.33333333
13:32:35 INFO: X_(3,_6) 0.0
13:32:35 INFO: X_(3,_8) 0.0
13:32:35 INFO: X_(4,_1) 0.66666667
13:32:35 INFO: X_(4,_7) 0.0
13:32:35 INFO: X_(5,_2) 0.33333333
13:32:35 INFO: X_(5,_6) 0.0
13:32:35 INFO: X_(6,_3) 0.0
13:32:35 INFO: X_(6,_5) 0.33333333
13:32:35 INFO: X_(6,_7) 0.66666667
13:32:35 INFO: X_(7,_2) 0.0
13:32:35 INFO: X_(7,_4) 0.66666667
13:32:35 INFO: X_(7,_6) 0.0
13:32:35 INFO: X_(7,_8) 0.0
13:32:35 INFO: X_(8,_0) 0.0
13:32:35 INFO: X_(8,_1) 0.0
13:32:35 INFO: X_(8,_2) 0.0
13:32:35 INFO: X_(8,_3) 0.0
13:32:35 INFO: X_(8,_7) 0.0
13:32:35 INFO: 
	of: 13.66666668
	sol:
['(1,_0)', '(2,_8)', '(4,_1)', '(5,_2)', '(6,_5)', '(6,_7)', '(7,_4)'] 
	time:0.0468747615814209
13:32:35 INFO: #########
13:39:53 INFO: #########
13:39:53 INFO: 	 Status: Optimal
13:39:53 INFO: F_(0,_3) 0.0
13:39:53 INFO: F_(0,_7) 0.0
13:39:53 INFO: F_(1,_2) 0.0
13:39:53 INFO: F_(1,_3) 0.0
13:39:53 INFO: F_(1,_4) 0.0
13:39:53 INFO: F_(1,_5) 0.0
13:39:53 INFO: F_(1,_6) 0.0
13:39:53 INFO: F_(1,_8) 0.0
13:39:53 INFO: F_(2,_1) 0.0
13:39:53 INFO: F_(2,_5) 0.0
13:39:53 INFO: F_(2,_6) 0.0
13:39:53 INFO: F_(2,_7) 0.0
13:39:53 INFO: F_(2,_8) 0.0
13:39:53 INFO: F_(3,_0) 0.0
13:39:53 INFO: F_(3,_1) 0.0
13:39:53 INFO: F_(3,_5) 0.0
13:39:53 INFO: F_(3,_7) 1.0
13:39:53 INFO: F_(3,_8) 0.0
13:39:53 INFO: F_(4,_1) 0.0
13:39:53 INFO: F_(4,_5) 0.0
13:39:53 INFO: F_(4,_6) 0.0
13:39:53 INFO: F_(5,_1) 0.0
13:39:53 INFO: F_(5,_2) 1.0
13:39:53 INFO: F_(5,_3) 1.0
13:39:53 INFO: F_(5,_4) 1.0
13:39:53 INFO: F_(5,_6) 0.0
13:39:53 INFO: F_(6,_1) 0.0
13:39:53 INFO: F_(6,_2) 0.0
13:39:53 INFO: F_(6,_4) 0.0
13:39:53 INFO: F_(6,_5) 3.0
13:39:53 INFO: F_(7,_0) 0.0
13:39:53 INFO: F_(7,_2) 0.0
13:39:53 INFO: F_(7,_3) 0.0
13:39:53 INFO: F_(7,_8) 0.0
13:39:53 INFO: F_(8,_1) 0.0
13:39:53 INFO: F_(8,_2) 0.0
13:39:53 INFO: F_(8,_3) 0.0
13:39:53 INFO: F_(8,_7) 0.0
13:39:53 INFO: X_(0,_3) 0.0
13:39:53 INFO: X_(0,_7) 0.0
13:39:53 INFO: X_(1,_2) 0.0
13:39:53 INFO: X_(1,_3) 0.0
13:39:53 INFO: X_(1,_4) 0.0
13:39:53 INFO: X_(1,_5) 0.0
13:39:53 INFO: X_(1,_6) 0.0
13:39:53 INFO: X_(1,_8) 0.0
13:39:53 INFO: X_(2,_1) 0.0
13:39:53 INFO: X_(2,_5) 0.0
13:39:53 INFO: X_(2,_6) 0.0
13:39:53 INFO: X_(2,_7) 0.0
13:39:53 INFO: X_(2,_8) 0.0
13:39:53 INFO: X_(3,_0) 0.0
13:39:53 INFO: X_(3,_1) 0.0
13:39:53 INFO: X_(3,_5) 0.0
13:39:53 INFO: X_(3,_7) 1.0
13:39:53 INFO: X_(3,_8) 0.0
13:39:53 INFO: X_(4,_1) 0.0
13:39:53 INFO: X_(4,_5) 0.0
13:39:53 INFO: X_(4,_6) 0.0
13:39:53 INFO: X_(5,_1) 0.0
13:39:53 INFO: X_(5,_2) 1.0
13:39:53 INFO: X_(5,_3) 1.0
13:39:53 INFO: X_(5,_4) 1.0
13:39:53 INFO: X_(5,_6) 0.0
13:39:53 INFO: X_(6,_1) 0.0
13:39:53 INFO: X_(6,_2) 0.0
13:39:53 INFO: X_(6,_4) 0.0
13:39:53 INFO: X_(6,_5) 1.0
13:39:53 INFO: X_(7,_0) 0.0
13:39:53 INFO: X_(7,_2) 0.0
13:39:53 INFO: X_(7,_3) 0.0
13:39:53 INFO: X_(7,_8) 0.0
13:39:53 INFO: X_(8,_1) 0.0
13:39:53 INFO: X_(8,_2) 0.0
13:39:53 INFO: X_(8,_3) 0.0
13:39:53 INFO: X_(8,_7) 0.0
13:39:53 INFO: 
	of: 13.0
	sol:
['(3,_7)', '(5,_2)', '(5,_3)', '(5,_4)', '(6,_5)'] 
	time:0.06978344917297363
13:39:53 INFO: #########
13:44:46 INFO: #########
13:44:46 INFO: 	 Status: Optimal
13:44:46 INFO: F_(0,_3) 0.0
13:44:46 INFO: F_(0,_6) 0.0
13:44:46 INFO: F_(0,_7) 0.0
13:44:46 INFO: F_(1,_3) 0.0
13:44:46 INFO: F_(1,_7) 0.0
13:44:46 INFO: F_(2,_3) 0.0
13:44:46 INFO: F_(2,_4) 0.0
13:44:46 INFO: F_(2,_5) 0.0
13:44:46 INFO: F_(2,_8) 0.0
13:44:46 INFO: F_(3,_0) 0.0
13:44:46 INFO: F_(3,_1) 0.0
13:44:46 INFO: F_(3,_2) 0.0
13:44:46 INFO: F_(3,_5) 0.0
13:44:46 INFO: F_(3,_6) 0.0
13:44:46 INFO: F_(3,_7) 0.0
13:44:46 INFO: F_(3,_8) 0.0
13:44:46 INFO: F_(4,_2) 0.0
13:44:46 INFO: F_(4,_5) 0.0
13:44:46 INFO: F_(4,_7) 0.0
13:44:46 INFO: F_(5,_2) 0.0
13:44:46 INFO: F_(5,_3) 0.0
13:44:46 INFO: F_(5,_4) 1.0
13:48:37 INFO: #########
13:48:37 INFO: 	 Status: Optimal
13:48:37 INFO: F_(0,_2) 0.0
13:48:37 INFO: F_(0,_3) 0.0
13:48:37 INFO: F_(0,_7) 0.0
13:48:37 INFO: F_(1,_2) 0.0
13:48:37 INFO: F_(1,_4) 0.0
13:48:37 INFO: F_(1,_6) 0.0
13:48:37 INFO: F_(2,_0) 0.0
13:48:37 INFO: F_(2,_1) 0.0
13:48:37 INFO: F_(2,_3) 1.0
13:48:37 INFO: F_(2,_4) 1.0
13:48:37 INFO: F_(2,_8) 0.0
13:48:37 INFO: F_(3,_0) 1.0
13:48:37 INFO: F_(3,_2) 0.0
13:48:37 INFO: F_(3,_5) 0.0
13:48:37 INFO: F_(3,_7) 0.0
13:48:37 INFO: F_(4,_1) 0.0
13:48:37 INFO: F_(4,_2) 0.0
13:48:37 INFO: F_(5,_3) 0.0
13:48:37 INFO: F_(5,_6) 0.0
13:48:37 INFO: F_(5,_7) 0.0
13:48:37 INFO: F_(5,_8) 0.0
13:48:37 INFO: F_(6,_1) 0.0
13:48:37 INFO: F_(6,_5) 0.0
13:48:37 INFO: F_(6,_8) 3.0
13:48:37 INFO: F_(7,_0) 0.0
13:48:37 INFO: F_(7,_3) 0.0
13:48:37 INFO: F_(7,_5) 0.0
13:48:37 INFO: F_(8,_2) 2.0
13:48:37 INFO: F_(8,_5) 1.0
13:48:37 INFO: F_(8,_6) 0.0
13:48:37 INFO: X_(0,_2) 0.0
13:48:37 INFO: X_(0,_3) 0.0
13:48:37 INFO: X_(0,_7) 0.0
13:48:37 INFO: X_(1,_2) 0.0
13:48:37 INFO: X_(1,_4) 0.0
13:48:37 INFO: X_(1,_6) 0.0
13:48:37 INFO: X_(2,_0) 0.0
13:48:37 INFO: X_(2,_1) 0.0
13:48:37 INFO: X_(2,_3) 1.0
13:48:37 INFO: X_(2,_4) 1.0
13:48:37 INFO: X_(2,_8) 0.0
13:48:37 INFO: X_(3,_0) 1.0
13:48:37 INFO: X_(3,_2) 0.0
13:48:37 INFO: X_(3,_5) 0.0
13:48:37 INFO: X_(3,_7) 0.0
13:48:37 INFO: X_(4,_1) 0.0
13:48:37 INFO: X_(4,_2) 0.0
13:48:37 INFO: X_(5,_3) 0.0
13:48:37 INFO: X_(5,_6) 0.0
13:48:37 INFO: X_(5,_7) 0.0
13:48:37 INFO: X_(5,_8) 0.0
13:48:37 INFO: X_(6,_1) 0.0
13:48:37 INFO: X_(6,_5) 0.0
13:48:37 INFO: X_(6,_8) 1.0
13:48:37 INFO: X_(7,_0) 0.0
13:48:37 INFO: X_(7,_3) 0.0
13:48:37 INFO: X_(7,_5) 0.0
13:48:37 INFO: X_(8,_2) 1.0
13:48:37 INFO: X_(8,_5) 1.0
13:48:37 INFO: X_(8,_6) 0.0
13:48:37 INFO: 
	of: 16.0
	sol:
['(2,_3)', '(2,_4)', '(3,_0)', '(6,_8)', '(8,_2)', '(8,_5)'] 
	time:0.06779336929321289
13:48:37 INFO: #########
13:49:19 INFO: #########
13:49:19 INFO: 	 Status: Optimal
13:49:19 INFO: F_(0,_1) 0.0
13:49:19 INFO: F_(0,_2) 0.0
13:49:19 INFO: F_(0,_3) 0.0
13:49:19 INFO: F_(0,_5) 0.0
13:49:19 INFO: F_(0,_8) 0.0
13:49:19 INFO: F_(1,_0) 0.0
13:49:19 INFO: F_(1,_2) 0.0
13:49:19 INFO: F_(1,_3) 0.0
13:49:19 INFO: F_(1,_7) 0.0
13:49:19 INFO: F_(2,_0) 0.0
13:49:19 INFO: F_(2,_1) 0.0
13:49:19 INFO: F_(2,_3) 0.0
13:49:19 INFO: F_(2,_5) 0.0
13:49:19 INFO: F_(2,_8) 0.0
13:49:19 INFO: F_(3,_0) 0.0
13:49:19 INFO: F_(3,_1) 0.0
13:49:19 INFO: F_(3,_2) 0.0
13:49:19 INFO: F_(3,_4) 0.0
13:49:19 INFO: F_(3,_7) 0.0
13:49:19 INFO: F_(4,_3) 1.0
13:49:19 INFO: F_(4,_6) 0.0
13:49:19 INFO: F_(4,_7) 2.0
13:49:19 INFO: F_(5,_0) 0.0
13:49:19 INFO: F_(5,_2) 0.0
13:49:19 INFO: F_(5,_7) 0.0
13:49:19 INFO: F_(6,_4) 0.0
13:49:19 INFO: F_(6,_7) 0.0
13:49:19 INFO: F_(7,_1) 0.0
13:49:19 INFO: F_(7,_3) 0.0
13:49:19 INFO: F_(7,_4) 0.0
13:49:19 INFO: F_(7,_5) 1.0
13:49:19 INFO: F_(7,_6) 0.0
13:49:19 INFO: F_(7,_8) 1.0
13:49:19 INFO: F_(8,_0) 0.0
13:49:19 INFO: F_(8,_2) 1.0
13:49:19 INFO: F_(8,_7) 0.0
13:49:19 INFO: X_(0,_1) 0.0
13:49:19 INFO: X_(0,_2) 0.0
13:49:19 INFO: X_(0,_3) 0.0
13:49:19 INFO: X_(0,_5) 0.0
13:49:19 INFO: X_(0,_8) 0.0
13:49:19 INFO: X_(1,_0) 0.0
13:49:19 INFO: X_(1,_2) 0.0
13:49:19 INFO: X_(1,_3) 0.0
13:49:19 INFO: X_(1,_7) 0.0
13:49:19 INFO: X_(2,_0) 0.0
13:49:19 INFO: X_(2,_1) 0.0
13:49:19 INFO: X_(2,_3) 0.0
13:49:19 INFO: X_(2,_5) 0.0
13:49:19 INFO: X_(2,_8) 0.0
13:49:19 INFO: X_(3,_0) 0.0
13:49:19 INFO: X_(3,_1) 0.0
13:49:19 INFO: X_(3,_2) 0.0
13:49:19 INFO: X_(3,_4) 0.0
13:49:19 INFO: X_(3,_7) 0.0
13:49:19 INFO: X_(4,_3) 1.0
13:49:19 INFO: X_(4,_6) 0.0
13:49:19 INFO: X_(4,_7) 1.0
13:49:19 INFO: X_(5,_0) 0.0
13:49:19 INFO: X_(5,_2) 0.0
13:49:19 INFO: X_(5,_7) 0.0
13:49:19 INFO: X_(6,_4) 0.0
13:49:19 INFO: X_(6,_7) 0.0
13:49:19 INFO: X_(7,_1) 0.0
13:49:19 INFO: X_(7,_3) 0.0
13:49:19 INFO: X_(7,_4) 0.0
13:49:19 INFO: X_(7,_5) 1.0
13:49:19 INFO: X_(7,_6) 0.0
13:49:19 INFO: X_(7,_8) 1.0
13:49:19 INFO: X_(8,_0) 0.0
13:49:19 INFO: X_(8,_2) 1.0
13:49:19 INFO: X_(8,_7) 0.0
13:49:19 INFO: 
	of: 15.0
	sol:
['(4,_3)', '(4,_7)', '(7,_5)', '(7,_8)', '(8,_2)'] 
	time:0.06981325149536133
13:49:19 INFO: #########
13:49:38 INFO: #########
13:49:38 INFO: 	 Status: Optimal
13:49:38 INFO: F_(0,_2) 0.0
13:49:38 INFO: F_(0,_6) 0.0
13:49:38 INFO: F_(0,_7) 0.0
13:49:38 INFO: F_(1,_5) 0.0
13:49:38 INFO: F_(1,_6) 1.0
13:49:38 INFO: F_(2,_0) 1.0
13:49:38 INFO: F_(2,_4) 0.0
13:49:38 INFO: F_(2,_5) 2.0
13:49:38 INFO: F_(3,_4) 0.0
13:49:38 INFO: F_(3,_5) 0.0
13:49:38 INFO: F_(4,_2) 0.0
13:49:38 INFO: F_(4,_3) 0.0
13:49:38 INFO: F_(5,_1) 1.0
13:49:38 INFO: F_(5,_2) 0.0
13:49:38 INFO: F_(5,_3) 0.0
13:49:38 INFO: F_(5,_7) 1.0
13:49:38 INFO: F_(6,_0) 0.0
13:49:38 INFO: F_(6,_1) 0.0
13:49:38 INFO: F_(6,_8) 0.0
13:49:38 INFO: F_(7,_0) 0.0
13:49:38 INFO: F_(7,_5) 0.0
13:49:38 INFO: F_(7,_8) 0.0
13:49:38 INFO: F_(8,_6) 0.0
13:49:38 INFO: F_(8,_7) 0.0
13:49:38 INFO: X_(0,_2) 0.0
13:49:38 INFO: X_(0,_6) 0.0
13:49:38 INFO: X_(0,_7) 0.0
13:49:38 INFO: X_(1,_5) 0.0
13:49:38 INFO: X_(1,_6) 1.0
13:49:38 INFO: X_(2,_0) 1.0
13:49:38 INFO: X_(2,_4) 0.0
13:49:38 INFO: X_(2,_5) 1.0
13:49:38 INFO: X_(3,_4) 0.0
13:49:38 INFO: X_(3,_5) 0.0
13:49:38 INFO: X_(4,_2) 0.0
13:49:38 INFO: X_(4,_3) 0.0
13:49:38 INFO: X_(5,_1) 1.0
13:49:38 INFO: X_(5,_2) 0.0
13:49:38 INFO: X_(5,_3) 0.0
13:49:38 INFO: X_(5,_7) 1.0
13:49:38 INFO: X_(6,_0) 0.0
13:49:38 INFO: X_(6,_1) 0.0
13:49:38 INFO: X_(6,_8) 0.0
13:49:38 INFO: X_(7,_0) 0.0
13:49:38 INFO: X_(7,_5) 0.0
13:49:38 INFO: X_(7,_8) 0.0
13:49:38 INFO: X_(8,_6) 0.0
13:49:38 INFO: X_(8,_7) 0.0
13:49:38 INFO: 
	of: 18.0
	sol:
['(1,_6)', '(2,_0)', '(2,_5)', '(5,_1)', '(5,_7)'] 
	time:0.05185985565185547
13:49:38 INFO: #########
13:50:07 INFO: #########
13:50:07 INFO: 	 Status: Optimal
13:50:07 INFO: F_(0,_1) 0.0
13:50:07 INFO: F_(0,_4) 0.0
13:50:07 INFO: F_(0,_5) 0.0
13:50:07 INFO: F_(1,_0) 0.0
13:50:07 INFO: F_(1,_2) 0.0
13:50:07 INFO: F_(1,_3) 0.0
13:50:07 INFO: F_(1,_7) 0.0
13:50:07 INFO: F_(2,_1) 0.0
13:50:07 INFO: F_(2,_4) 0.0
13:50:07 INFO: F_(2,_5) 1.0
13:50:07 INFO: F_(2,_7) 0.0
13:50:07 INFO: F_(2,_8) 0.0
13:50:07 INFO: F_(3,_1) 0.0
13:50:07 INFO: F_(3,_6) 1.0
13:50:07 INFO: F_(3,_8) 0.0
13:50:07 INFO: F_(4,_0) 0.0
13:50:07 INFO: F_(4,_2) 0.0
13:50:07 INFO: F_(4,_6) 0.0
13:50:07 INFO: F_(4,_7) 0.0
13:50:07 INFO: F_(5,_0) 0.0
13:50:07 INFO: F_(5,_2) 0.0
13:50:07 INFO: F_(6,_3) 0.0
13:50:07 INFO: F_(6,_4) 0.0
13:50:07 INFO: F_(7,_1) 0.0
13:50:07 INFO: F_(7,_2) 0.0
13:50:07 INFO: F_(7,_4) 1.0
13:50:07 INFO: F_(7,_8) 0.0
13:50:07 INFO: F_(8,_2) 1.0
13:50:07 INFO: F_(8,_3) 1.0
13:50:07 INFO: F_(8,_7) 1.0
13:50:07 INFO: X_(0,_1) 0.0
13:50:07 INFO: X_(0,_4) 0.0
13:50:07 INFO: X_(0,_5) 0.0
13:50:07 INFO: X_(1,_0) 0.0
13:50:07 INFO: X_(1,_2) 0.0
13:50:07 INFO: X_(1,_3) 0.0
13:50:07 INFO: X_(1,_7) 0.0
13:50:07 INFO: X_(2,_1) 0.0
13:50:07 INFO: X_(2,_4) 0.0
13:50:07 INFO: X_(2,_5) 1.0
13:50:07 INFO: X_(2,_7) 0.0
13:50:07 INFO: X_(2,_8) 0.0
13:50:07 INFO: X_(3,_1) 0.0
13:50:07 INFO: X_(3,_6) 1.0
13:50:07 INFO: X_(3,_8) 0.0
13:50:07 INFO: X_(4,_0) 0.0
13:50:07 INFO: X_(4,_2) 0.0
13:50:07 INFO: X_(4,_6) 0.0
13:50:07 INFO: X_(4,_7) 0.0
13:50:07 INFO: X_(5,_0) 0.0
13:50:07 INFO: X_(5,_2) 0.0
13:50:07 INFO: X_(6,_3) 0.0
13:50:07 INFO: X_(6,_4) 0.0
13:50:07 INFO: X_(7,_1) 0.0
13:50:07 INFO: X_(7,_2) 0.0
13:50:07 INFO: X_(7,_4) 1.0
13:50:07 INFO: X_(7,_8) 0.0
13:50:07 INFO: X_(8,_2) 1.0
13:50:07 INFO: X_(8,_3) 1.0
13:50:07 INFO: X_(8,_7) 1.0
13:50:07 INFO: 
	of: 17.0
	sol:
['(2,_5)', '(3,_6)', '(7,_4)', '(8,_2)', '(8,_3)', '(8,_7)'] 
	time:0.06682229042053223
13:50:07 INFO: #########
